====================================================================================================
Lint Settings Report
Questa Lint  Version 2021.1 4558100 win64 28-Jan-2021

Timestamp            : Sun Mar  9 17:37:21 2025
Description          : Report describing the configuration for the lint run

Sections:
   Section 1 : Methodology and Checks
   Section 2 : Directives
   Section 3 : Wild Card Expansion for Hier IP Directives
====================================================================================================


====================================================================================================
Section 1 : Methodology and Checks
====================================================================================================
 Methodology     : soc
 Goal(s)         : simulation
 Checks enabled  : 179

  1.1 Checks enabled in Methodology
  ---------------------------------------------
  always_exceeds_line_limit
  always_has_inconsistent_async_control
  always_signal_assign_large
  always_without_event
  assign_chain
  assign_width_overflow
  assign_width_underflow
  assign_with_multi_arith_operations
  assigns_mixed
  assigns_mixed_in_always_block
  async_reset_active_high
  bit_order_reversed
  blackbox_input_conn_inconsistent
  blackbox_output_control_signal
  blocking_assign_in_seq_block
  bus_bit_as_clk
  bus_bits_in_multi_seq_blocks
  case_eq_operator
  case_item_invalid
  case_item_not_const
  case_nested
  case_others_null
  case_select_const
  case_with_memory_output
  case_with_x_z
  casex
  casez
  casez_has_x
  clk_port_conn_complex
  clock_in_wait_stmt
  clock_signal_as_non_clock
  combo_loop_with_latch
  comment_has_control_char
  comment_not_in_english
  comparison_has_real_operand
  comparison_width_mismatch
  concurrent_block_with_duplicate_assign
  condition_const
  condition_has_assign
  condition_has_implicit_x
  condition_is_multi_bit
  conditional_operator_nested
  conversion_to_stdlogicvector_invalid
  data_event_has_edge
  data_type_bit_select_invalid
  data_type_std_ulogic
  delay_has_x_z
  delay_in_non_flop_expr
  delay_negative
  delay_not_int
  delay_var
  delay_without_timescale
  div_mod_rem_operand_complex_expr
  div_mod_rhs_zero
  else_condition_dangling
  empty_module
  enum_decl_invalid
  expr_operands_width_mismatch
  flop_async_reset_const
  flop_output_in_initial
  flop_redundant
  flop_with_inverted_clock
  for_stmt_with_complex_logic
  func_bit_not_set
  func_expr_input_size_mismatch
  func_input_width_mismatch
  func_nonblocking_assign
  func_return_before_last_stmt
  func_return_range_fixed
  func_sets_global_var
  gen_inst_label_duplicate
  gen_label_duplicate
  gen_loop_index_not_int
  identifier_with_error_warning
  if_else_if_can_be_case
  if_stmt_shares_arithmetic_operator
  if_stmt_with_arith_expr
  if_with_memory_output
  index_x_z
  inferred_blackbox
  inout_port_exists
  inout_port_not_set
  input_port_set
  inst_param_width_overflow
  inst_port_width_mismatch
  line_char_large
  logical_not_on_multi_bit
  logical_operator_on_multi_bit
  long_combinational_path
  loop_condition_const
  loop_index_in_multi_always_blocks
  loop_index_modified
  loop_index_not_int
  loop_step_incorrect
  loop_var_not_in_condition
  loop_var_not_in_init
  loop_without_break
  memory_not_set
  memory_redefined
  module_has_blackbox_instance
  module_with_duplicate_ports
  module_with_null_port
  multi_driven_signal
  multi_ports_in_single_line
  mux_select_const
  nonblocking_assign_and_delay_in_always
  nonblocking_assign_in_combo_block
  operand_redundant
  ordered_port_connection
  parameter_count_large
  parameter_name_duplicate
  part_select_illegal
  port_conn_is_expression
  pragma_coverage_off_nested
  pragma_translate_off_nested
  pragma_translate_on_nested
  process_exceeds_line_limit
  process_has_inconsistent_async_control
  process_signal_assign_large
  process_var_assign_disorder
  process_without_event
  re_entrant_output
  reduction_operator_on_single_bit
  reference_event_without_edge
  reset_polarity_mismatch
  reset_port_connection_static
  reset_set_non_const_assign
  reset_set_with_both_polarity
  selected_signal_stmt
  sensitivity_list_edge_multi_bit
  sensitivity_list_operator_unexpected
  sensitivity_list_signal_repeated
  sensitivity_list_var_missing
  sensitivity_list_var_modified
  seq_block_has_duplicate_assign
  shared_variable_in_multi_process
  signal_assign_in_multi_initial
  signal_sync_async
  signal_with_negative_value
  signed_unsigned_mixed_expr
  sim_synth_mismatch_assign_event
  sim_synth_mismatch_shared_var
  sim_synth_mismatch_tristate_compare
  std_logic_vector_without_range
  std_packages_mixed
  string_has_control_char
  sync_read_as_async
  synopsys_attribute
  synth_pragma_prefix_invalid
  synth_pragma_prefix_missing
  task_has_event_and_input
  task_has_event_and_output
  task_sets_global_var
  timescales_differ
  tristate_enable_with_expr
  tristate_not_at_top_level
  two_state_data_type
  unconnected_inst
  unconnected_inst_input
  undriven_latch_data
  undriven_latch_enable
  undriven_reg_clock
  undriven_reg_data
  undriven_signal
  unloaded_input_port
  unresolved_module
  unsynth_dc_shell_script
  user_blackbox
  var_assign_without_deassign
  var_deassign_without_assign
  var_forced_without_release
  var_index_range_insufficient
  var_name_duplicate
  var_read_before_set
  var_released_without_force
  while_loop_iteration_limit


  1.2 Checks enabled through directives
  ---------------------------------------------
  <none>

  1.3 Checks disabled through directives
  ---------------------------------------------
  <none>

  1.4 Setup Checks
  ---------------------------------------------
  library_excluded
  package_excluded
  violations_suppressed


====================================================================================================
Section 2 : Directives
====================================================================================================

  lint_report_check directive
  ---------------------------------------------
  lint report check -severity info always_exceeds_line_limit [soc/simulation.goal]
  lint report check -severity warning always_has_inconsistent_async_control [soc/simulation.goal]
  lint report check -severity info always_signal_assign_large [soc/simulation.goal]
  lint report check -severity error always_without_event [soc/simulation.goal]
  lint report check -severity warning assign_chain [soc/simulation.goal]
  lint report check -severity error assign_width_overflow [soc/simulation.goal]
  lint report check -severity info assign_width_underflow [soc/simulation.goal]
  lint report check -severity warning assign_with_multi_arith_operations [soc/simulation.goal]
  lint report check -severity error assigns_mixed [soc/simulation.goal]
  lint report check -severity warning assigns_mixed_in_always_block [soc/simulation.goal]
  lint report check -severity info async_reset_active_high [soc/simulation.goal]
  lint report check -severity info bit_order_reversed [soc/simulation.goal]
  lint report check -severity warning blackbox_input_conn_inconsistent [soc/simulation.goal]
  lint report check -severity warning blackbox_output_control_signal [soc/simulation.goal]
  lint report check -severity error blocking_assign_in_seq_block [soc/simulation.goal]
  lint report check -severity warning bus_bit_as_clk [soc/simulation.goal]
  lint report check -severity warning bus_bits_in_multi_seq_blocks [soc/simulation.goal]
  lint report check -severity info case_eq_operator [soc/simulation.goal]
  lint report check -severity info case_item_invalid [soc/simulation.goal]
  lint report check -severity info case_item_not_const [soc/simulation.goal]
  lint report check -severity info case_nested [soc/simulation.goal]
  lint report check -severity info case_others_null [soc/simulation.goal]
  lint report check -severity info case_select_const [soc/simulation.goal]
  lint report check -severity warning case_with_memory_output [soc/simulation.goal]
  lint report check -severity error case_with_x_z [soc/simulation.goal]
  lint report check -severity error casex [soc/simulation.goal]
  lint report check -severity info casez [soc/simulation.goal]
  lint report check -severity info casez_has_x [soc/simulation.goal]
  lint report check -severity warning clk_port_conn_complex [soc/simulation.goal]
  lint report check -severity warning clock_in_wait_stmt [soc/simulation.goal]
  lint report check -severity warning clock_signal_as_non_clock [soc/simulation.goal]
  lint report check -severity warning combo_loop_with_latch [soc/simulation.goal]
  lint report check -severity info comment_has_control_char [soc/simulation.goal]
  lint report check -severity info comment_not_in_english [soc/simulation.goal]
  lint report check -severity info comparison_has_real_operand [soc/simulation.goal]
  lint report check -severity info comparison_width_mismatch [soc/simulation.goal]
  lint report check -severity warning concurrent_block_with_duplicate_assign [soc/simulation.goal]
  lint report check -severity warning condition_const [soc/simulation.goal]
  lint report check -severity error condition_has_assign [soc/simulation.goal]
  lint report check -severity error condition_has_implicit_x [soc/simulation.goal]
  lint report check -severity error condition_is_multi_bit [soc/simulation.goal]
  lint report check -severity info conditional_operator_nested [soc/simulation.goal]
  lint report check -severity info conversion_to_stdlogicvector_invalid [soc/simulation.goal]
  lint report check -severity warning data_event_has_edge [soc/simulation.goal]
  lint report check -severity info data_type_bit_select_invalid [soc/simulation.goal]
  lint report check -severity info data_type_std_ulogic [soc/simulation.goal]
  lint report check -severity warning delay_has_x_z [soc/simulation.goal]
  lint report check -severity info delay_in_non_flop_expr [soc/simulation.goal]
  lint report check -severity warning delay_negative [soc/simulation.goal]
  lint report check -severity warning delay_not_int [soc/simulation.goal]
  lint report check -severity warning delay_var [soc/simulation.goal]
  lint report check -severity error delay_without_timescale [soc/simulation.goal]
  lint report check -severity warning div_mod_rem_operand_complex_expr [soc/simulation.goal]
  lint report check -severity info div_mod_rhs_zero [soc/simulation.goal]
  lint report check -severity info else_condition_dangling [soc/simulation.goal]
  lint report check -severity warning empty_module [soc/simulation.goal]
  lint report check -severity warning enum_decl_invalid [soc/simulation.goal]
  lint report check -severity info expr_operands_width_mismatch [soc/simulation.goal]
  lint report check -severity info flop_async_reset_const [soc/simulation.goal]
  lint report check -severity warning flop_output_in_initial [soc/simulation.goal]
  lint report check -severity info flop_redundant [soc/simulation.goal]
  lint report check -severity info flop_with_inverted_clock [soc/simulation.goal]
  lint report check -severity error for_stmt_with_complex_logic [soc/simulation.goal]
  lint report check -severity info func_bit_not_set [soc/simulation.goal]
  lint report check -severity warning func_expr_input_size_mismatch [soc/simulation.goal]
  lint report check -severity info func_input_width_mismatch [soc/simulation.goal]
  lint report check -severity info func_nonblocking_assign [soc/simulation.goal]
  lint report check -severity warning func_return_before_last_stmt [soc/simulation.goal]
  lint report check -severity warning func_return_range_fixed [soc/simulation.goal]
  lint report check -severity info func_sets_global_var [soc/simulation.goal]
  lint report check -severity error gen_inst_label_duplicate [soc/simulation.goal]
  lint report check -severity error gen_label_duplicate [soc/simulation.goal]
  lint report check -severity warning gen_loop_index_not_int [soc/simulation.goal]
  lint report check -severity info identifier_with_error_warning [soc/simulation.goal]
  lint report check -severity info if_else_if_can_be_case [soc/simulation.goal]
  lint report check -severity warning if_stmt_shares_arithmetic_operator [soc/simulation.goal]
  lint report check -severity warning if_stmt_with_arith_expr [soc/simulation.goal]
  lint report check -severity warning if_with_memory_output [soc/simulation.goal]
  lint report check -severity error index_x_z [soc/simulation.goal]
  lint report check -severity warning inferred_blackbox [soc/simulation.goal]
  lint report check -severity info inout_port_exists [soc/simulation.goal]
  lint report check -severity info inout_port_not_set [soc/simulation.goal]
  lint report check -severity error input_port_set [soc/simulation.goal]
  lint report check -severity warning inst_param_width_overflow [soc/simulation.goal]
  lint report check -severity error inst_port_width_mismatch [soc/simulation.goal]
  lint report check -severity info line_char_large [soc/simulation.goal]
  lint report check -severity warning logical_not_on_multi_bit [soc/simulation.goal]
  lint report check -severity warning logical_operator_on_multi_bit [soc/simulation.goal]
  lint report check -severity warning long_combinational_path [soc/simulation.goal]
  lint report check -severity info loop_condition_const [soc/simulation.goal]
  lint report check -severity warning loop_index_in_multi_always_blocks [soc/simulation.goal]
  lint report check -severity info loop_index_modified [soc/simulation.goal]
  lint report check -severity info loop_index_not_int [soc/simulation.goal]
  lint report check -severity warning loop_step_incorrect [soc/simulation.goal]
  lint report check -severity warning loop_var_not_in_condition [soc/simulation.goal]
  lint report check -severity warning loop_var_not_in_init [soc/simulation.goal]
  lint report check -severity info loop_without_break [soc/simulation.goal]
  lint report check -severity warning memory_not_set [soc/simulation.goal]
  lint report check -severity warning memory_redefined [soc/simulation.goal]
  lint report check -severity info module_has_blackbox_instance [soc/simulation.goal]
  lint report check -severity warning module_with_duplicate_ports [soc/simulation.goal]
  lint report check -severity error module_with_null_port [soc/simulation.goal]
  lint report check -severity warning multi_driven_signal [soc/simulation.goal]
  lint report check -severity info multi_ports_in_single_line [soc/simulation.goal]
  lint report check -severity warning mux_select_const [soc/simulation.goal]
  lint report check -severity info nonblocking_assign_and_delay_in_always [soc/simulation.goal]
  lint report check -severity info nonblocking_assign_in_combo_block [soc/simulation.goal]
  lint report check -severity info operand_redundant [soc/simulation.goal]
  lint report check -severity warning ordered_port_connection [soc/simulation.goal]
  lint report check -severity info parameter_count_large [soc/simulation.goal]
  lint report check -severity info parameter_name_duplicate [soc/simulation.goal]
  lint report check -severity error part_select_illegal [soc/simulation.goal]
  lint report check -severity info port_conn_is_expression [soc/simulation.goal]
  lint report check -severity warning pragma_coverage_off_nested [soc/simulation.goal]
  lint report check -severity warning pragma_translate_off_nested [soc/simulation.goal]
  lint report check -severity warning pragma_translate_on_nested [soc/simulation.goal]
  lint report check -severity warning process_exceeds_line_limit [soc/simulation.goal]
  lint report check -severity warning process_has_inconsistent_async_control [soc/simulation.goal]
  lint report check -severity warning process_signal_assign_large [soc/simulation.goal]
  lint report check -severity warning process_var_assign_disorder [soc/simulation.goal]
  lint report check -severity warning process_without_event [soc/simulation.goal]
  lint report check -severity info re_entrant_output [soc/simulation.goal]
  lint report check -severity info reduction_operator_on_single_bit [soc/simulation.goal]
  lint report check -severity warning reference_event_without_edge [soc/simulation.goal]
  lint report check -severity error reset_polarity_mismatch [soc/simulation.goal]
  lint report check -severity info reset_port_connection_static [soc/simulation.goal]
  lint report check -severity warning reset_set_non_const_assign [soc/simulation.goal]
  lint report check -severity warning reset_set_with_both_polarity [soc/simulation.goal]
  lint report check -severity info selected_signal_stmt [soc/simulation.goal]
  lint report check -severity error sensitivity_list_edge_multi_bit [soc/simulation.goal]
  lint report check -severity error sensitivity_list_operator_unexpected [soc/simulation.goal]
  lint report check -severity warning sensitivity_list_signal_repeated [soc/simulation.goal]
  lint report check -severity error sensitivity_list_var_missing [soc/simulation.goal]
  lint report check -severity error sensitivity_list_var_modified [soc/simulation.goal]
  lint report check -severity warning seq_block_has_duplicate_assign [soc/simulation.goal]
  lint report check -severity warning shared_variable_in_multi_process [soc/simulation.goal]
  lint report check -severity warning signal_assign_in_multi_initial [soc/simulation.goal]
  lint report check -severity warning signal_sync_async [soc/simulation.goal]
  lint report check -severity warning signal_with_negative_value [soc/simulation.goal]
  lint report check -severity warning signed_unsigned_mixed_expr [soc/simulation.goal]
  lint report check -severity error sim_synth_mismatch_assign_event [soc/simulation.goal]
  lint report check -severity error sim_synth_mismatch_shared_var [soc/simulation.goal]
  lint report check -severity error sim_synth_mismatch_tristate_compare [soc/simulation.goal]
  lint report check -severity warning std_logic_vector_without_range [soc/simulation.goal]
  lint report check -severity info std_packages_mixed [soc/simulation.goal]
  lint report check -severity warning string_has_control_char [soc/simulation.goal]
  lint report check -severity warning sync_read_as_async [soc/simulation.goal]
  lint report check -severity info synopsys_attribute [soc/simulation.goal]
  lint report check -severity warning synth_pragma_prefix_invalid [soc/simulation.goal]
  lint report check -severity warning synth_pragma_prefix_missing [soc/simulation.goal]
  lint report check -severity info task_has_event_and_input [soc/simulation.goal]
  lint report check -severity info task_has_event_and_output [soc/simulation.goal]
  lint report check -severity info task_sets_global_var [soc/simulation.goal]
  lint report check -severity error timescales_differ [soc/simulation.goal]
  lint report check -severity error tristate_enable_with_expr [soc/simulation.goal]
  lint report check -severity warning tristate_not_at_top_level [soc/simulation.goal]
  lint report check -severity info two_state_data_type [soc/simulation.goal]
  lint report check -severity info unconnected_inst [soc/simulation.goal]
  lint report check -severity info unconnected_inst_input [soc/simulation.goal]
  lint report check -severity info undriven_latch_data [soc/simulation.goal]
  lint report check -severity info undriven_latch_enable [soc/simulation.goal]
  lint report check -severity info undriven_reg_clock [soc/simulation.goal]
  lint report check -severity info undriven_reg_data [soc/simulation.goal]
  lint report check -severity info undriven_signal [soc/simulation.goal]
  lint report check -severity info unloaded_input_port [soc/simulation.goal]
  lint report check -severity warning unresolved_module [soc/simulation.goal]
  lint report check -severity warning unsynth_dc_shell_script [soc/simulation.goal]
  lint report check -severity info user_blackbox [soc/simulation.goal]
  lint report check -severity warning var_assign_without_deassign [soc/simulation.goal]
  lint report check -severity warning var_deassign_without_assign [soc/simulation.goal]
  lint report check -severity error var_forced_without_release [soc/simulation.goal]
  lint report check -severity error var_index_range_insufficient [soc/simulation.goal]
  lint report check -severity error var_name_duplicate [soc/simulation.goal]
  lint report check -severity warning var_read_before_set [soc/simulation.goal]
  lint report check -severity error var_released_without_force [soc/simulation.goal]
  lint report check -severity warning while_loop_iteration_limit [soc/simulation.goal]


====================================================================================================
Section 3 : Wild Card Expansion for Hier IP Directives
====================================================================================================
